<?xml version="1.0" encoding="UTF-8"?>
<robot generator="Robot 3.2.2 (Python 3.8.0 on win32)" generated="20230526 00:08:24.577" rpa="false">
<suite id="s1" name="RobotTestPA2" source="D:\SEMESTER 4\PKPL\BDD\RobotTestPA2">
<suite id="s1-s1" name="TestSuite" source="D:\SEMESTER 4\PKPL\BDD\RobotTestPA2\TestSuite">
<suite id="s1-s1-s1" name="TestRequestSurat" source="D:\SEMESTER 4\PKPL\BDD\RobotTestPA2\TestSuite\TestRequestSurat.robot">
<test id="s1-s1-s1-t1" name="TambahBarang100">
<kw name="Open Browser" library="SeleniumLibrary">
<doc>Opens a new browser instance to the optional ``url``.</doc>
<arguments>
<arg>http://127.0.0.1:8000/login</arg>
<arg>chrome</arg>
</arguments>
<msg timestamp="20230526 00:08:24.919" level="INFO">Opening browser 'chrome' to base url 'http://127.0.0.1:8000/login'.</msg>
<status status="PASS" starttime="20230526 00:08:24.919" endtime="20230526 00:08:27.395"></status>
</kw>
<kw name="Set Selenium Implicit Wait" library="SeleniumLibrary">
<doc>Sets the implicit wait value used by Selenium.</doc>
<arguments>
<arg>5</arg>
</arguments>
<status status="PASS" starttime="20230526 00:08:27.397" endtime="20230526 00:08:27.401"></status>
</kw>
<kw name="Sleep" library="BuiltIn">
<doc>Pauses the test executed for the given time.</doc>
<arguments>
<arg>2</arg>
</arguments>
<msg timestamp="20230526 00:08:29.405" level="INFO">Slept 2 seconds</msg>
<status status="PASS" starttime="20230526 00:08:27.401" endtime="20230526 00:08:29.405"></status>
</kw>
<kw name="Input Text" library="SeleniumLibrary">
<doc>Types the given ``text`` into the text field identified by ``locator``.</doc>
<arguments>
<arg>email</arg>
<arg>admin@gmail.com</arg>
</arguments>
<msg timestamp="20230526 00:08:29.405" level="INFO">Typing text 'admin@gmail.com' into text field 'email'.</msg>
<status status="PASS" starttime="20230526 00:08:29.405" endtime="20230526 00:08:29.505"></status>
</kw>
<kw name="Input Password" library="SeleniumLibrary">
<doc>Types the given password into the text field identified by ``locator``.</doc>
<arguments>
<arg>password</arg>
<arg>password</arg>
</arguments>
<msg timestamp="20230526 00:08:29.505" level="INFO">Typing password into text field 'password'.</msg>
<msg timestamp="20230526 00:08:29.541" level="INFO">Temporally setting log level to: NONE</msg>
<msg timestamp="20230526 00:08:29.574" level="INFO">Log level changed from NONE to INFO.</msg>
<status status="PASS" starttime="20230526 00:08:29.505" endtime="20230526 00:08:29.574"></status>
</kw>
<kw name="Click Element" library="SeleniumLibrary">
<doc>Click the element identified by ``locator``.</doc>
<arguments>
<arg>//*[@id="main-wrapper"]/div/div[3]/div/div/div[2]/div/div/div/form/div[4]/button</arg>
</arguments>
<msg timestamp="20230526 00:08:29.574" level="INFO">Clicking element '//*[@id="main-wrapper"]/div/div[3]/div/div/div[2]/div/div/div/form/div[4]/button'.</msg>
<status status="PASS" starttime="20230526 00:08:29.574" endtime="20230526 00:08:32.343"></status>
</kw>
<kw name="Click Element" library="SeleniumLibrary">
<doc>Click the element identified by ``locator``.</doc>
<arguments>
<arg>//html/body/div[1]/nav/div[2]/ul/li[12]/a</arg>
</arguments>
<msg timestamp="20230526 00:08:32.344" level="INFO">Clicking element '//html/body/div[1]/nav/div[2]/ul/li[12]/a'.</msg>
<status status="PASS" starttime="20230526 00:08:32.344" endtime="20230526 00:08:32.410"></status>
</kw>
<kw name="Click Element" library="SeleniumLibrary">
<doc>Click the element identified by ``locator``.</doc>
<arguments>
<arg>//*[@id="tables"]/ul/li[1]/a</arg>
</arguments>
<msg timestamp="20230526 00:08:32.411" level="INFO">Clicking element '//*[@id="tables"]/ul/li[1]/a'.</msg>
<status status="PASS" starttime="20230526 00:08:32.411" endtime="20230526 00:08:34.893"></status>
</kw>
<kw name="Click Element" library="SeleniumLibrary">
<doc>Click the element identified by ``locator``.</doc>
<arguments>
<arg>//html/body/div/div/div/div/div/div/div[1]/span/a</arg>
</arguments>
<msg timestamp="20230526 00:08:34.894" level="INFO">Clicking element '//html/body/div/div/div/div/div/div/div[1]/span/a'.</msg>
<status status="PASS" starttime="20230526 00:08:34.893" endtime="20230526 00:08:37.274"></status>
</kw>
<kw name="Set Selenium Implicit Wait" library="SeleniumLibrary">
<doc>Sets the implicit wait value used by Selenium.</doc>
<arguments>
<arg>5</arg>
</arguments>
<status status="PASS" starttime="20230526 00:08:37.274" endtime="20230526 00:08:37.275"></status>
</kw>
<kw name="Input Text" library="SeleniumLibrary">
<doc>Types the given ``text`` into the text field identified by ``locator``.</doc>
<arguments>
<arg>nama</arg>
<arg>mesin panen</arg>
</arguments>
<msg timestamp="20230526 00:08:37.275" level="INFO">Typing text 'mesin panen' into text field 'nama'.</msg>
<status status="PASS" starttime="20230526 00:08:37.275" endtime="20230526 00:08:37.367"></status>
</kw>
<kw name="Input Text" library="SeleniumLibrary">
<doc>Types the given ``text`` into the text field identified by ``locator``.</doc>
<arguments>
<arg>jumlah</arg>
<arg>25</arg>
</arguments>
<msg timestamp="20230526 00:08:37.367" level="INFO">Typing text '25' into text field 'jumlah'.</msg>
<status status="PASS" starttime="20230526 00:08:37.367" endtime="20230526 00:08:37.461"></status>
</kw>
<kw name="Click Element" library="SeleniumLibrary">
<doc>Click the element identified by ``locator``.</doc>
<arguments>
<arg>//html/body/div/div/div/div/div/div/div[2]/form/button</arg>
</arguments>
<msg timestamp="20230526 00:08:37.462" level="INFO">Clicking element '//html/body/div/div/div/div/div/div/div[2]/form/button'.</msg>
<status status="PASS" starttime="20230526 00:08:37.461" endtime="20230526 00:08:40.264"></status>
</kw>
<kw name="Sleep" library="BuiltIn">
<doc>Pauses the test executed for the given time.</doc>
<arguments>
<arg>10</arg>
</arguments>
<msg timestamp="20230526 00:08:50.267" level="INFO">Slept 10 seconds</msg>
<status status="PASS" starttime="20230526 00:08:40.264" endtime="20230526 00:08:50.267"></status>
</kw>
<kw name="Close Browser" library="SeleniumLibrary">
<doc>Closes the current browser.</doc>
<status status="PASS" starttime="20230526 00:08:50.269" endtime="20230526 00:08:52.503"></status>
</kw>
<kw name="Log" library="BuiltIn">
<doc>Logs the given message with the given level.</doc>
<arguments>
<arg>Test Completed</arg>
</arguments>
<msg timestamp="20230526 00:08:52.504" level="INFO">Test Completed</msg>
<status status="PASS" starttime="20230526 00:08:52.504" endtime="20230526 00:08:52.504"></status>
</kw>
<status status="PASS" starttime="20230526 00:08:24.918" endtime="20230526 00:08:52.506" critical="yes"></status>
</test>
<status status="PASS" starttime="20230526 00:08:24.631" endtime="20230526 00:08:52.507"></status>
</suite>
<status status="PASS" starttime="20230526 00:08:24.630" endtime="20230526 00:08:52.512"></status>
</suite>
<status status="PASS" starttime="20230526 00:08:24.609" endtime="20230526 00:08:52.517"></status>
</suite>
<statistics>
<total>
<stat pass="1" fail="0">Critical Tests</stat>
<stat pass="1" fail="0">All Tests</stat>
</total>
<tag>
</tag>
<suite>
<stat pass="1" fail="0" id="s1" name="RobotTestPA2">RobotTestPA2</stat>
<stat pass="1" fail="0" id="s1-s1" name="TestSuite">RobotTestPA2.TestSuite</stat>
<stat pass="1" fail="0" id="s1-s1-s1" name="TestRequestSurat">RobotTestPA2.TestSuite.TestRequestSurat</stat>
</suite>
</statistics>
<errors>
<msg timestamp="20230526 00:08:24.608" level="ERROR">Taking listener 'C:\Users\MODERN~1\AppData\Local\Temp\RobotTempDir10677920755985962884\TestRunnerAgent.py:60288' into use failed: Importing listener 'C:\Users\MODERN~1\AppData\Local\Temp\RobotTempDir10677920755985962884\TestRunnerAgent.py' failed: ModuleNotFoundError: No module named 'robot.parsing.populators'
Traceback (most recent call last):
  File "C:\Users\MODERN~1\AppData\Local\Temp\RobotTempDir10677920755985962884\TestRunnerAgent.py", line 72, in &lt;module&gt;
    from robot.parsing.populators import READERS
PYTHONPATH:
  C:\Users\MODERN 14\AppData\Local\Programs\Python\Python38-32\Lib\site-packages
  D:\SEMESTER 4\PKPL\BDD\RobotTestPA2
  C:\Users\MODERN 14\AppData\Local\Programs\Python\Python38-32\python38.zip
  C:\Users\MODERN 14\AppData\Local\Programs\Python\Python38-32\DLLs
  C:\Users\MODERN 14\AppData\Local\Programs\Python\Python38-32\lib
  C:\Users\MODERN 14\AppData\Local\Programs\Python\Python38-32
  C:\Users\MODERN 14\AppData\Local\Programs\Python\Python38-32\lib\site-packages</msg>
</errors>
</robot>
